Build started 22-May-18 11:16:17 AM.
     1>Project "C:\Users\Asus\Desktop\Snake Final-SD\iGraphic1.2VS10\iGraphic1.2VS10\iGraphic1.2VS10\iGraphic1.2VS10.vcxproj" on node 2 (build target(s)).
     1>InitializeBuildStatus:
         Creating "Debug\iGraphic1.2VS10.unsuccessfulbuild" because "AlwaysCreate" was specified.
       ClCompile:
         C:\Program Files (x86)\Microsoft Visual Studio 10.0\VC\bin\CL.exe /c /ZI /nologo /W3 /WX- /Od /Oy- /D WIN32 /D _DEBUG /D _CONSOLE /D _UNICODE /D UNICODE /Gm /EHsc /RTC1 /MDd /GS /fp:precise /Zc:wchar_t /Zc:forScope /Fo"Debug\\" /Fd"Debug\vc100.pdb" /Gd /TP /analyze- /errorReport:prompt ..\iMain.cpp
         iMain.cpp
     1>c:\users\asus\desktop\snake final-sd\igraphic1.2vs10\igraphic1.2vs10\imain.cpp(39): warning C4996: 'fopen': This function or variable may be unsafe. Consider using fopen_s instead. To disable deprecation, use _CRT_SECURE_NO_WARNINGS. See online help for details.
                 c:\program files (x86)\microsoft visual studio 10.0\vc\include\stdio.h(234) : see declaration of 'fopen'
     1>c:\users\asus\desktop\snake final-sd\igraphic1.2vs10\igraphic1.2vs10\imain.cpp(41): warning C4996: 'fopen': This function or variable may be unsafe. Consider using fopen_s instead. To disable deprecation, use _CRT_SECURE_NO_WARNINGS. See online help for details.
                 c:\program files (x86)\microsoft visual studio 10.0\vc\include\stdio.h(234) : see declaration of 'fopen'
     1>c:\users\asus\desktop\snake final-sd\igraphic1.2vs10\igraphic1.2vs10\imain.cpp(50): warning C4996: 'fopen': This function or variable may be unsafe. Consider using fopen_s instead. To disable deprecation, use _CRT_SECURE_NO_WARNINGS. See online help for details.
                 c:\program files (x86)\microsoft visual studio 10.0\vc\include\stdio.h(234) : see declaration of 'fopen'
     1>c:\users\asus\desktop\snake final-sd\igraphic1.2vs10\igraphic1.2vs10\imain.cpp(76): warning C4996: 'fopen': This function or variable may be unsafe. Consider using fopen_s instead. To disable deprecation, use _CRT_SECURE_NO_WARNINGS. See online help for details.
                 c:\program files (x86)\microsoft visual studio 10.0\vc\include\stdio.h(234) : see declaration of 'fopen'
     1>c:\users\asus\desktop\snake final-sd\igraphic1.2vs10\igraphic1.2vs10\imain.cpp(78): warning C4996: 'fopen': This function or variable may be unsafe. Consider using fopen_s instead. To disable deprecation, use _CRT_SECURE_NO_WARNINGS. See online help for details.
                 c:\program files (x86)\microsoft visual studio 10.0\vc\include\stdio.h(234) : see declaration of 'fopen'
     1>c:\users\asus\desktop\snake final-sd\igraphic1.2vs10\igraphic1.2vs10\imain.cpp(87): warning C4996: 'fopen': This function or variable may be unsafe. Consider using fopen_s instead. To disable deprecation, use _CRT_SECURE_NO_WARNINGS. See online help for details.
                 c:\program files (x86)\microsoft visual studio 10.0\vc\include\stdio.h(234) : see declaration of 'fopen'
     1>c:\users\asus\desktop\snake final-sd\igraphic1.2vs10\igraphic1.2vs10\imain.cpp(91): warning C4996: 'fscanf': This function or variable may be unsafe. Consider using fscanf_s instead. To disable deprecation, use _CRT_SECURE_NO_WARNINGS. See online help for details.
                 c:\program files (x86)\microsoft visual studio 10.0\vc\include\stdio.h(253) : see declaration of 'fscanf'
     1>c:\users\asus\desktop\snake final-sd\igraphic1.2vs10\igraphic1.2vs10\imain.cpp(107): warning C4996: 'fopen': This function or variable may be unsafe. Consider using fopen_s instead. To disable deprecation, use _CRT_SECURE_NO_WARNINGS. See online help for details.
                 c:\program files (x86)\microsoft visual studio 10.0\vc\include\stdio.h(234) : see declaration of 'fopen'
     1>c:\users\asus\desktop\snake final-sd\igraphic1.2vs10\igraphic1.2vs10\imain.cpp(146): warning C4996: 'sprintf': This function or variable may be unsafe. Consider using sprintf_s instead. To disable deprecation, use _CRT_SECURE_NO_WARNINGS. See online help for details.
                 c:\program files (x86)\microsoft visual studio 10.0\vc\include\stdio.h(371) : see declaration of 'sprintf'
       ManifestResourceCompile:
         All outputs are up-to-date.
       Link:
         C:\Program Files (x86)\Microsoft Visual Studio 10.0\VC\bin\link.exe /ERRORREPORT:PROMPT /OUT:"C:\Users\Asus\Desktop\Snake Final-SD\iGraphic1.2VS10\iGraphic1.2VS10\Debug\iGraphic1.2VS10.exe" /INCREMENTAL /NOLOGO kernel32.lib user32.lib gdi32.lib winspool.lib comdlg32.lib advapi32.lib shell32.lib ole32.lib oleaut32.lib uuid.lib odbc32.lib odbccp32.lib /MANIFEST /ManifestFile:"Debug\iGraphic1.2VS10.exe.intermediate.manifest" /MANIFESTUAC:"level='asInvoker' uiAccess='false'" /DEBUG /PDB:"C:\Users\Asus\Desktop\Snake Final-SD\iGraphic1.2VS10\iGraphic1.2VS10\Debug\iGraphic1.2VS10.pdb" /SUBSYSTEM:CONSOLE /TLBID:1 /DYNAMICBASE /NXCOMPAT /IMPLIB:"C:\Users\Asus\Desktop\Snake Final-SD\iGraphic1.2VS10\iGraphic1.2VS10\Debug\iGraphic1.2VS10.lib" /MACHINE:X86 Debug\iGraphic1.2VS10.exe.embed.manifest.res
         Debug\iMain.obj
         LINK : C:\Users\Asus\Desktop\Snake Final-SD\iGraphic1.2VS10\iGraphic1.2VS10\Debug\iGraphic1.2VS10.exe not found or not built by the last incremental link; performing full link
       Manifest:
         C:\Program Files (x86)\Microsoft SDKs\Windows\v7.0A\bin\mt.exe /nologo /verbose /out:"Debug\iGraphic1.2VS10.exe.embed.manifest" /manifest Debug\iGraphic1.2VS10.exe.intermediate.manifest
         All outputs are up-to-date.
       LinkEmbedManifest:
         All outputs are up-to-date.
         iGraphic1.2VS10.vcxproj -> C:\Users\Asus\Desktop\Snake Final-SD\iGraphic1.2VS10\iGraphic1.2VS10\Debug\iGraphic1.2VS10.exe
       FinalizeBuildStatus:
         Deleting file "Debug\iGraphic1.2VS10.unsuccessfulbuild".
         Touching "Debug\iGraphic1.2VS10.lastbuildstate".
     1>Done Building Project "C:\Users\Asus\Desktop\Snake Final-SD\iGraphic1.2VS10\iGraphic1.2VS10\iGraphic1.2VS10\iGraphic1.2VS10.vcxproj" (build target(s)).

Build succeeded.

Time Elapsed 00:00:01.05
